<?xml version="1.0" encoding="UTF-8"?>
<!-- Generated by org.testng.reporters.JUnitXMLReporter -->
<testsuite ignored="1" hostname="DESKTOP-DIVO7UN" failures="0" tests="2" name="Test" time="0.064" errors="0" timestamp="2024-08-13T22:55:18 IST">
  <testcase classname="testng.Exclude" name="TC2" time="0.017"/>
  <testcase classname="testng.Exclude" name="TC3" time="0.003"/>
  <testcase classname="testng.Exclude" name="TC1" time="0.0">
    <ignored/>
  </testcase> <!-- TC1 -->
</testsuite> <!-- Test -->
